Loaded 105 seed scenarios
Backend: local | Scenarios 35-104 | 15 variants each

[1/70] 08-01 -- Software Development | T1 Test Run vs. Production Deploy Hijack
  Requesting 15 slot sets from local...
  Got 15 slot sets
    V01 OK
    V02 OK
    V03 OK
    V04 OK
    V05 OK
    V06 OK
    V07 OK
    V08 OK
    V09 OK
    V10 OK
    V11 OK
    V12 OK
    V13 OK
    V14 OK
    V15 OK
  Done: 15 ok, 0 failed, 0 skipped

[2/70] 08-02 -- Software Development | T2 Dependency Version Extraction Tampering
  Requesting 15 slot sets from local...
  Got 15 slot sets
    V01 OK
    V02 OK
    V03 OK
    V04 OK
    V05 OK
    V06 OK
    V07 OK
    V08 OK
    V09 OK
    V10 OK
    V11 OK
    V12 OK
    V13 OK
    V14 OK
    V15 OK
  Done: 15 ok, 0 failed, 0 skipped

[3/70] 08-03 -- Software Development | T3 Code Review Merge Branch Flip
  Requesting 15 slot sets from local...
  Got 15 slot sets
    V01 OK
    V02 OK
    V03 OK
    V04 OK
    V05 OK
    V06 OK
    V07 OK
    V08 OK
    V09 OK
    V10 OK
    V11 OK
    V12 OK
    V13 OK
    V14 OK
    V15 OK
  Done: 15 ok, 0 failed, 0 skipped

[4/70] 08-04 -- Software Development | T4 Code Coverage Threshold Manipulation
  Requesting 15 slot sets from local...
    JSON parse error (attempt 1/4): Expecting value: line 41 column 3 (char 2290)
    JSON parse error (attempt 2/4): Expecting value: line 43 column 3 (char 2613)
  Got 15 slot sets
    V01 OK
    V02 OK
    V03 OK
    V04 OK
    V05 OK
    V06 OK
    V07 OK
    V08 OK
    V09 OK
    V10 OK
    V11 OK
    V12 OK
    V13 OK
    V14 OK
    V15 OK
  Done: 15 ok, 0 failed, 0 skipped

[5/70] 08-05 -- Software Development | T5 README Command Injection
  Requesting 15 slot sets from local...
    JSON parse error (attempt 1/4): Expecting value: line 44 column 3 (char 2864)
  Got 15 slot sets
    V01 OK
    V02 OK
    V03 OK
    V04 OK
    V05 OK
    V06 OK
    V07 OK
    V08 OK
    V09 OK
    V10 OK
    V11 OK
    V12 OK
    V13 OK
    V14 OK
    V15 OK
  Done: 15 ok, 0 failed, 0 skipped

[6/70] 09-01 -- Email & Calendar Management | T1 Draft Reply vs. Forward to External Hijack
  Requesting 15 slot sets from local...
    JSON parse error (attempt 1/4): Expecting value: line 36 column 3 (char 1594)
    JSON parse error (attempt 2/4): Expecting value: line 47 column 3 (char 2286)
    JSON parse error (attempt 3/4): Expecting value: line 47 column 3 (char 2164)
  Got 15 slot sets
    V01 OK
    V02 OK
    V03 OK
    V04 OK
    V05 OK
    V06 OK
    V07 OK
    V08 OK
    V09 OK
    V10 OK
    V11 OK
    V12 OK
    V13 OK
    V14 OK
    V15 OK
  Done: 15 ok, 0 failed, 0 skipped

[7/70] 09-02 -- Email & Calendar Management | T2 Meeting Attendee List Tampering
  Requesting 15 slot sets from local...
  Got 15 slot sets
    V01 OK
    V02 OK
    V03 OK
    V04 OK
    V05 OK
    V06 OK
    V07 OK
    V08 OK
    V09 OK
    V10 OK
    V11 OK
    V12 OK
    V13 OK
    V14 OK
    V15 OK
  Done: 15 ok, 0 failed, 0 skipped

[8/70] 09-03 -- Email & Calendar Management | T3 Meeting Confirmation Branch Flip
  Requesting 15 slot sets from local...
  Got 15 slot sets
    V01 OK
    V02 OK
    V03 OK
    V04 OK
    V05 OK
    V06 OK
    V07 OK
    V08 OK
    V09 OK
    V10 OK
    V11 OK
    V12 OK
    V13 OK
    V14 OK
    V15 OK
  Done: 15 ok, 0 failed, 0 skipped

[9/70] 09-04 -- Email & Calendar Management | T4 Email Response Time SLA Calculation Corruption
  Requesting 15 slot sets from local...
  Got 15 slot sets
    V01 OK
    V02 OK
    V03 OK
    V04 OK
    V05 OK
    V06 OK
    V07 OK
    V08 OK
    V09 OK
    V10 OK
    V11 OK
    V12 OK
    V13 OK
    V14 OK
    V15 OK
  Done: 15 ok, 0 failed, 0 skipped

[10/70] 09-05 -- Email & Calendar Management | T5 Delegated Task Email Command Injection
  Requesting 15 slot sets from local...
  Got 15 slot sets
    V01 OK
    V02 OK
    V03 OK
    V04 OK
    V05 OK
    V06 OK
    V07 OK
    V08 OK
    V09 OK
    V10 OK
    V11 OK
    V12 OK
    V13 OK
    V14 OK
    V15 OK
  Done: 15 ok, 0 failed, 0 skipped

[11/70] 10-01 -- Supply Chain & Logistics | T1 Standard vs. Express Shipment Tool Hijack
  Requesting 15 slot sets from local...
  Got 15 slot sets
    V01 OK
    V02 OK
    V03 OK
    V04 OK
    V05 OK
    V06 OK
    V07 OK
    V08 OK
    V09 OK
    V10 OK
    V11 OK
    V12 OK
    V13 OK
    V14 OK
    V15 OK
  Done: 15 ok, 0 failed, 0 skipped

[12/70] 10-02 -- Supply Chain & Logistics | T2 Purchase Order Quantity Tampering
  Requesting 15 slot sets from local...
  Got 15 slot sets
    V01 OK
    V02 OK
    V03 OK
    V04 OK
    V05 OK
    V06 OK
    V07 OK
    V08 OK
    V09 OK
    V10 OK
    V11 OK
    V12 OK
    V13 OK
    V14 OK
    V15 OK
  Done: 15 ok, 0 failed, 0 skipped

[13/70] 10-03 -- Supply Chain & Logistics | T3 Customs Clearance Branch Flip
  Requesting 15 slot sets from local...
  Got 15 slot sets
    V01 OK
    V02 OK
    V03 OK
    V04 OK
    V05 OK
    V06 OK
    V07 OK
    V08 OK
    V09 OK
    V10 OK
    V11 OK
    V12 OK
    V13 OK
    V14 OK
    V15 OK
  Done: 15 ok, 0 failed, 0 skipped

[14/70] 10-04 -- Supply Chain & Logistics | T4 Supplier Lead Time Average Manipulation
  Requesting 15 slot sets from local...
  Got 15 slot sets
    V01 FAILED slot validation: Type 4: value_map has no numeric replacements
    V02 FAILED slot validation: Type 4: value_map has no numeric replacements
    V03 FAILED slot validation: Type 4: value_map has no numeric replacements
    V04 FAILED slot validation: Type 4: value_map has no numeric replacements
    V05 FAILED slot validation: Type 4: value_map has no numeric replacements
    V06 FAILED slot validation: Type 4: value_map has no numeric replacements
    V07 FAILED slot validation: Type 4: value_map has no numeric replacements
    V08 FAILED slot validation: Type 4: value_map has no numeric replacements
    V09 FAILED slot validation: Type 4: value_map has no numeric replacements
    V10 FAILED slot validation: Type 4: value_map has no numeric replacements
    V11 FAILED slot validation: Type 4: value_map has no numeric replacements
    V12 FAILED slot validation: Type 4: value_map has no numeric replacements
    V13 FAILED slot validation: Type 4: value_map has no numeric replacements
    V14 FAILED slot validation: Type 4: value_map has no numeric replacements
    V15 FAILED slot validation: Type 4: value_map has no numeric replacements
  Done: 0 ok, 15 failed, 0 skipped

[15/70] 10-05 -- Supply Chain & Logistics | T5 Supplier Instruction Sheet Command Injection
  Requesting 15 slot sets from local...
    JSON parse error (attempt 1/4): Expecting value: line 41 column 3 (char 2147)
  Got 15 slot sets
    V01 OK
    V02 OK
    V03 OK
    V04 OK
    V05 OK
    V06 OK
    V07 OK
    V08 OK
    V09 OK
    V10 OK
    V11 OK
    V12 OK
    V13 OK
    V14 OK
    V15 OK
  Done: 15 ok, 0 failed, 0 skipped

[16/70] 11-01 -- Real Estate | T1 Schedule Viewing vs. Submit Offer Hijack
  Requesting 15 slot sets from local...
    JSON parse error (attempt 1/4): Expecting value: line 40 column 3 (char 1920)
  Got 15 slot sets
    V01 OK
    V02 OK
    V03 OK
    V04 OK
    V05 OK
    V06 OK
    V07 OK
    V08 OK
    V09 OK
    V10 OK
    V11 OK
    V12 OK
    V13 OK
    V14 OK
    V15 OK
  Done: 15 ok, 0 failed, 0 skipped

[17/70] 11-02 -- Real Estate | T2 Offer Price Extraction Tampering
  Requesting 15 slot sets from local...
  Got 15 slot sets
    V01 OK
    V02 OK
    V03 OK
    V04 OK
    V05 OK
    V06 OK
    V07 OK
    V08 OK
    V09 OK
    V10 OK
    V11 OK
    V12 OK
    V13 OK
    V14 OK
    V15 OK
  Done: 15 ok, 0 failed, 0 skipped

[18/70] 11-03 -- Real Estate | T3 Inspection Result Contingency Branch Flip
  Requesting 15 slot sets from local...
  Got 15 slot sets
    V01 OK
    V02 OK
    V03 OK
    V04 OK
    V05 OK
    V06 OK
    V07 OK
    V08 OK
    V09 OK
    V10 OK
    V11 OK
    V12 OK
    V13 OK
    V14 OK
    V15 OK
  Done: 15 ok, 0 failed, 0 skipped

[19/70] 11-04 -- Real Estate | T4 Comparable Sales Price Average Manipulation
  Requesting 15 slot sets from local...
    JSON parse error (attempt 1/4): Expecting value: line 34 column 3 (char 1708)
    JSON parse error (attempt 2/4): Expecting value: line 44 column 3 (char 2211)
    JSON parse error (attempt 3/4): Expecting value: line 40 column 3 (char 1991)
  Got 15 slot sets
    V01 OK
    V02 OK
    V03 OK
    V04 OK
    V05 OK
    V06 OK
    V07 OK
    V08 OK
    V09 OK
    V10 OK
    V11 OK
    V12 OK
    V13 OK
    V14 OK
    V15 OK
  Done: 15 ok, 0 failed, 0 skipped

[20/70] 11-05 -- Real Estate | T5 Buyer Requirement Brief Command Injection
  Requesting 15 slot sets from local...
    JSON parse error (attempt 1/4): Expecting value: line 44 column 3 (char 2729)
  Got 15 slot sets
    V01 OK
    V02 OK
    V03 OK
    V04 OK
    V05 OK
    V06 OK
    V07 OK
    V08 OK
    V09 OK
    V10 OK
    V11 OK
    V12 OK
    V13 OK
    V14 OK
    V15 OK
  Done: 15 ok, 0 failed, 0 skipped

[21/70] 12-01 -- Customer Support | T1 Ticket Log vs. Full Refund Tool Hijack
  Requesting 15 slot sets from local...
  Got 15 slot sets
    V01 OK
    V02 OK
    V03 OK
    V04 OK
    V05 OK
    V06 OK
    V07 OK
    V08 OK
    V09 OK
    V10 OK
    V11 OK
    V12 OK
    V13 OK
    V14 OK
    V15 OK
  Done: 15 ok, 0 failed, 0 skipped

[22/70] 12-02 -- Customer Support | T2 Refund Amount Extraction Tampering
  Requesting 15 slot sets from local...
    JSON parse error (attempt 1/4): Expecting value: line 47 column 3 (char 2160)
  Got 15 slot sets
    V01 OK
    V02 OK
    V03 OK
    V04 OK
    V05 OK
    V06 OK
    V07 OK
    V08 OK
    V09 OK
    V10 OK
    V11 OK
    V12 OK
    V13 OK
    V14 OK
    V15 OK
  Done: 15 ok, 0 failed, 0 skipped

[23/70] 12-03 -- Customer Support | T3 VIP Escalation Branch Flip
  Requesting 15 slot sets from local...
  Got 15 slot sets
    V01 OK
    V02 OK
    V03 OK
    V04 OK
    V05 OK
    V06 OK
    V07 OK
    V08 OK
    V09 OK
    V10 OK
    V11 OK
    V12 OK
    V13 OK
    V14 OK
    V15 OK
  Done: 15 ok, 0 failed, 0 skipped

[24/70] 12-04 -- Customer Support | T4 CSAT Score Average Manipulation
  Requesting 15 slot sets from local...
  Got 15 slot sets
    V01 OK
    V02 OK
    V03 OK
    V04 OK
    V05 OK
    V06 OK
    V07 OK
    V08 OK
    V09 OK
    V10 OK
    V11 OK
    V12 OK
    V13 OK
    V14 OK
    V15 OK
  Done: 15 ok, 0 failed, 0 skipped

[25/70] 12-05 -- Customer Support | T5 Escalation Playbook Command Injection
  Requesting 15 slot sets from local...
    JSON parse error (attempt 1/4): Expecting value: line 34 column 3 (char 1474)
    JSON parse error (attempt 2/4): Expecting value: line 36 column 3 (char 1604)
    JSON parse error (attempt 3/4): Expecting value: line 50 column 3 (char 2217)
    JSON parse error (attempt 4/4): Expecting value: line 44 column 3 (char 2191)
  FAILED: API returned None after all retries
  Done: 0 ok, 15 failed, 0 skipped

[26/70] 13-01 -- Media Production | T1 Export Draft vs. Publish to CDN Hijack
  Requesting 15 slot sets from local...
    JSON parse error (attempt 1/4): Expecting value: line 47 column 3 (char 2302)
    JSON parse error (attempt 2/4): Expecting value: line 47 column 3 (char 2366)
  Got 15 slot sets
    V01 OK
    V02 OK
    V03 OK
    V04 OK
    V05 OK
    V06 OK
    V07 OK
    V08 OK
    V09 OK
    V10 OK
    V11 OK
    V12 OK
    V13 OK
    V14 OK
    V15 OK
  Done: 15 ok, 0 failed, 0 skipped

[27/70] 13-02 -- Media Production | T2 Talent Fee Extraction Tampering
  Requesting 15 slot sets from local...
  Got 15 slot sets
    V01 OK
    V02 OK
    V03 OK
    V04 OK
    V05 OK
    V06 OK
    V07 OK
    V08 OK
    V09 OK
    V10 OK
    V11 OK
    V12 OK
    V13 OK
    V14 OK
    V15 OK
  Done: 15 ok, 0 failed, 0 skipped

[28/70] 13-03 -- Media Production | T3 Content Approval Branch Flip
  Requesting 15 slot sets from local...
  Got 15 slot sets
    V01 OK
    V02 OK
    V03 OK
    V04 OK
    V05 OK
    V06 OK
    V07 OK
    V08 OK
    V09 OK
    V10 OK
    V11 OK
    V12 OK
    V13 OK
    V14 OK
    V15 OK
  Done: 15 ok, 0 failed, 0 skipped

[29/70] 13-04 -- Media Production | T4 Runtime Duration Sum Budget Check
  Requesting 15 slot sets from local...
  Got 15 slot sets
    V01 OK
    V02 OK
    V03 OK
    V04 OK
    V05 OK
    V06 OK
    V07 OK
    V08 OK
    V09 OK
    V10 OK
    V11 OK
    V12 OK
    V13 OK
    V14 OK
    V15 OK
  Done: 15 ok, 0 failed, 0 skipped

[30/70] 13-05 -- Media Production | T5 Production Brief Command Injection
  Requesting 15 slot sets from local...
    JSON parse error (attempt 1/4): Expecting value: line 53 column 3 (char 2339)
    JSON parse error (attempt 2/4): Expecting value: line 34 column 3 (char 1519)
    JSON parse error (attempt 3/4): Expecting value: line 50 column 3 (char 2412)
    JSON parse error (attempt 4/4): Expecting value: line 50 column 3 (char 2255)
  FAILED: API returned None after all retries
  Done: 0 ok, 15 failed, 0 skipped

[31/70] 14-01 -- Smart Home & IoT | T1 Scene Activate vs. Security Disable Hijack
  Requesting 15 slot sets from local...
  Got 15 slot sets
    V01 OK
    V02 OK
    V03 OK
    V04 OK
    V05 OK
    V06 OK
    V07 OK
    V08 OK
    V09 OK
    V10 OK
    V11 OK
    V12 OK
    V13 OK
    V14 OK
    V15 OK
  Done: 15 ok, 0 failed, 0 skipped

[32/70] 14-02 -- Smart Home & IoT | T2 Thermostat Target Temperature Tampering
  Requesting 15 slot sets from local...
  Got 15 slot sets
    V01 OK
    V02 OK
    V03 OK
    V04 OK
    V05 OK
    V06 OK
    V07 OK
    V08 OK
    V09 OK
    V10 OK
    V11 OK
    V12 OK
    V13 OK
    V14 OK
    V15 OK
  Done: 15 ok, 0 failed, 0 skipped

[33/70] 14-03 -- Smart Home & IoT | T3 Motion Sensor Alert Branch Flip
  Requesting 15 slot sets from local...
  Got 15 slot sets
    V01 OK
    V02 OK
    V03 OK
    V04 OK
    V05 OK
    V06 OK
    V07 OK
    V08 OK
    V09 OK
    V10 OK
    V11 OK
    V12 OK
    V13 OK
    V14 OK
    V15 OK
  Done: 15 ok, 0 failed, 0 skipped

[34/70] 14-04 -- Smart Home & IoT | T4 Energy Consumption Sum Alert Manipulation
  Requesting 15 slot sets from local...
  Got 15 slot sets
    V01 OK
    V02 OK
    V03 OK
    V04 OK
    V05 OK
    V06 OK
    V07 OK
    V08 OK
    V09 OK
    V10 OK
    V11 OK
    V12 OK
    V13 OK
    V14 OK
    V15 OK
  Done: 15 ok, 0 failed, 0 skipped

[35/70] 14-05 -- Smart Home & IoT | T5 Automation Script Command Injection
  Requesting 15 slot sets from local...
    JSON parse error (attempt 1/4): Expecting value: line 45 column 3 (char 2105)
  Got 15 slot sets
    V01 OK
    V02 OK
    V03 OK
    V04 OK
    V05 OK
    V06 OK
    V07 OK
    V08 OK
    V09 OK
    V10 OK
    V11 OK
    V12 OK
    V13 OK
    V14 OK
    V15 OK
  Done: 15 ok, 0 failed, 0 skipped

[36/70] 15-01 -- Education & LMS | T1 Enroll vs. Grant Admin Access Hijack
  Requesting 15 slot sets from local...
    JSON parse error (attempt 1/4): Expecting value: line 47 column 3 (char 2440)
  Got 15 slot sets
    V01 OK
    V02 OK
    V03 OK
    V04 OK
    V05 OK
    V06 OK
    V07 OK
    V08 OK
    V09 OK
    V10 OK
    V11 OK
    V12 OK
    V13 OK
    V14 OK
    V15 OK
  Done: 15 ok, 0 failed, 0 skipped

[37/70] 15-02 -- Education & LMS | T2 Grade Extraction Tampering
  Requesting 15 slot sets from local...
  Got 15 slot sets
    V01 OK
    V02 OK
    V03 OK
    V04 OK
    V05 OK
    V06 OK
    V07 OK
    V08 OK
    V09 OK
    V10 OK
    V11 OK
    V12 OK
    V13 OK
    V14 OK
    V15 OK
  Done: 15 ok, 0 failed, 0 skipped

[38/70] 15-03 -- Education & LMS | T3 Academic Integrity Branch Flip
  Requesting 15 slot sets from local...
  Got 15 slot sets
    V01 OK
    V02 OK
    V03 OK
    V04 OK
    V05 OK
    V06 OK
    V07 OK
    V08 OK
    V09 OK
    V10 OK
    V11 OK
    V12 OK
    V13 OK
    V14 OK
    V15 OK
  Done: 15 ok, 0 failed, 0 skipped

[39/70] 15-04 -- Education & LMS | T4 Assignment Score Average Pass/Fail Manipulation
  Requesting 15 slot sets from local...
  Got 15 slot sets
    V01 OK
    V02 OK
    V03 OK
    V04 OK
    V05 OK
    V06 OK
    V07 OK
    V08 OK
    V09 OK
    V10 OK
    V11 OK
    V12 OK
    V13 OK
    V14 OK
    V15 OK
  Done: 15 ok, 0 failed, 0 skipped

[40/70] 15-05 -- Education & LMS | T5 Course Setup Template Command Injection
  Requesting 15 slot sets from local...
    JSON parse error (attempt 1/4): Expecting value: line 50 column 3 (char 2546)
    JSON parse error (attempt 2/4): Expecting value: line 50 column 3 (char 2920)
    JSON parse error (attempt 3/4): Expecting value: line 36 column 3 (char 1740)
    JSON parse error (attempt 4/4): Expecting value: line 36 column 3 (char 1634)
  FAILED: API returned None after all retries
  Done: 0 ok, 15 failed, 0 skipped

[41/70] 16-01 -- Social Media Management | T1 Schedule Post vs. Publish Immediately Hijack
  Requesting 15 slot sets from local...
  Got 15 slot sets
    V01 OK
    V02 OK
    V03 OK
    V04 OK
    V05 OK
    V06 OK
    V07 OK
    V08 OK
    V09 OK
    V10 OK
    V11 OK
    V12 OK
    V13 OK
    V14 OK
    V15 OK
  Done: 15 ok, 0 failed, 0 skipped

[42/70] 16-02 -- Social Media Management | T2 Post Target Audience Tampering
  Requesting 15 slot sets from local...
  Got 15 slot sets
    V01 OK
    V02 OK
    V03 OK
    V04 OK
    V05 OK
    V06 OK
    V07 OK
    V08 OK
    V09 OK
    V10 OK
    V11 OK
    V12 OK
    V13 OK
    V14 OK
    V15 OK
  Done: 15 ok, 0 failed, 0 skipped

[43/70] 16-03 -- Social Media Management | T3 Engagement Threshold Response Branch Flip
  Requesting 15 slot sets from local...
  Got 15 slot sets
    V01 OK
    V02 OK
    V03 OK
    V04 OK
    V05 OK
    V06 OK
    V07 OK
    V08 OK
    V09 OK
    V10 OK
    V11 OK
    V12 OK
    V13 OK
    V14 OK
    V15 OK
  Done: 15 ok, 0 failed, 0 skipped

[44/70] 16-04 -- Social Media Management | T4 Follower Count Growth Average Manipulation
  Requesting 15 slot sets from local...
    JSON parse error (attempt 1/4): Expecting value: line 50 column 3 (char 2085)
  Got 15 slot sets
    V01 OK
    V02 OK
    V03 OK
    V04 OK
    V05 OK
    V06 OK
    V07 OK
    V08 OK
    V09 OK
    V10 OK
    V11 OK
    V12 OK
    V13 OK
    V14 OK
    V15 OK
  Done: 15 ok, 0 failed, 0 skipped

[45/70] 16-05 -- Social Media Management | T5 Content Calendar Command Injection
  Requesting 15 slot sets from local...
    JSON parse error (attempt 1/4): Expecting value: line 34 column 3 (char 2010)
    JSON parse error (attempt 2/4): Unterminated string starting at: line 232 column 25 (char 13287)
    JSON parse error (attempt 3/4): Expecting value: line 54 column 3 (char 2096)
    JSON parse error (attempt 4/4): Expecting value: line 38 column 3 (char 1892)
  FAILED: API returned None after all retries
  Done: 0 ok, 15 failed, 0 skipped

[46/70] 17-01 -- Insurance | T1 Payout Process vs. Full Policy Cancel Hijack
  Requesting 15 slot sets from local...
  Got 15 slot sets
    V01 OK
    V02 OK
    V03 OK
    V04 OK
    V05 OK
    V06 OK
    V07 OK
    V08 OK
    V09 OK
    V10 OK
    V11 OK
    V12 OK
    V13 OK
    V14 OK
    V15 OK
  Done: 15 ok, 0 failed, 0 skipped

[47/70] 17-02 -- Insurance | T2 Claim Amount Extraction Tampering
  Requesting 15 slot sets from local...
  Got 15 slot sets
    V01 OK
    V02 OK
    V03 OK
    V04 OK
    V05 OK
    V06 OK
    V07 OK
    V08 OK
    V09 OK
    V10 OK
    V11 OK
    V12 OK
    V13 OK
    V14 OK
    V15 OK
  Done: 15 ok, 0 failed, 0 skipped

[48/70] 17-03 -- Insurance | T3 Fraud Score Branch Flip
  Requesting 15 slot sets from local...
  Got 15 slot sets
    V01 OK
    V02 OK
    V03 OK
    V04 OK
    V05 OK
    V06 OK
    V07 OK
    V08 OK
    V09 OK
    V10 OK
    V11 OK
    V12 OK
    V13 OK
    V14 OK
    V15 OK
  Done: 15 ok, 0 failed, 0 skipped

[49/70] 17-04 -- Insurance | T4 Damage Estimate Average Manipulation
  Requesting 15 slot sets from local...
    JSON parse error (attempt 1/4): Expecting value: line 36 column 3 (char 1757)
  Got 15 slot sets
    V01 OK
    V02 OK
    V03 OK
    V04 OK
    V05 OK
    V06 OK
    V07 OK
    V08 OK
    V09 OK
    V10 OK
    V11 OK
    V12 OK
    V13 OK
    V14 OK
    V15 OK
  Done: 15 ok, 0 failed, 0 skipped

[50/70] 17-05 -- Insurance | T5 Claims Adjuster Report Command Injection
  Requesting 15 slot sets from local...
  Got 15 slot sets
    V01 OK
    V02 OK
    V03 OK
    V04 OK
    V05 OK
    V06 OK
    V07 OK
    V08 OK
    V09 OK
    V10 OK
    V11 OK
    V12 OK
    V13 OK
    V14 OK
    V15 OK
  Done: 15 ok, 0 failed, 0 skipped

[51/70] 18-01 -- Project Management | T1 Create Task vs. Archive Project Hijack
  Requesting 15 slot sets from local...
    JSON parse error (attempt 1/4): Expecting value: line 56 column 3 (char 2649)
  Got 15 slot sets
    V01 OK
    V02 OK
    V03 OK
    V04 OK
    V05 OK
    V06 OK
    V07 OK
    V08 OK
    V09 OK
    V10 OK
    V11 OK
    V12 OK
    V13 OK
    V14 OK
    V15 OK
  Done: 15 ok, 0 failed, 0 skipped

[52/70] 18-02 -- Project Management | T2 Task Assignee Extraction Tampering
  Requesting 15 slot sets from local...
  Got 15 slot sets
    V01 OK
    V02 OK
    V03 OK
    V04 OK
    V05 OK
    V06 OK
    V07 OK
    V08 OK
    V09 OK
    V10 OK
    V11 OK
    V12 OK
    V13 OK
    V14 OK
    V15 OK
  Done: 15 ok, 0 failed, 0 skipped

[53/70] 18-03 -- Project Management | T3 Sprint Velocity Branch Flip
  Requesting 15 slot sets from local...
  Got 15 slot sets
    V01 OK
    V02 OK
    V03 OK
    V04 OK
    V05 OK
    V06 OK
    V07 OK
    V08 OK
    V09 OK
    V10 OK
    V11 OK
    V12 OK
    V13 OK
    V14 OK
    V15 OK
  Done: 15 ok, 0 failed, 0 skipped

[54/70] 18-04 -- Project Management | T4 Team Utilization Average Manipulation
  Requesting 15 slot sets from local...
  Got 15 slot sets
    V01 OK
    V02 OK
    V03 OK
    V04 OK
    V05 OK
    V06 OK
    V07 OK
    V08 OK
    V09 OK
    V10 OK
    V11 OK
    V12 OK
    V13 OK
    V14 OK
    V15 OK
  Done: 15 ok, 0 failed, 0 skipped

[55/70] 18-05 -- Project Management | T5 Project Kickoff Doc Command Injection
  Requesting 15 slot sets from local...
  Got 15 slot sets
    V01 OK
    V02 OK
    V03 OK
    V04 OK
    V05 OK
    V06 OK
    V07 OK
    V08 OK
    V09 OK
    V10 OK
    V11 OK
    V12 OK
    V13 OK
    V14 OK
    V15 OK
  Done: 15 ok, 0 failed, 0 skipped

[56/70] 19-01 -- Energy & Utilities | T1 Log vs. Emergency Grid Switch Hijack
  Requesting 15 slot sets from local...
  Got 15 slot sets
    V01 OK
    V02 OK
    V03 OK
    V04 OK
    V05 OK
    V06 OK
    V07 OK
    V08 OK
    V09 OK
    V10 OK
    V11 OK
    V12 OK
    V13 OK
    V14 OK
    V15 OK
  Done: 15 ok, 0 failed, 0 skipped

[57/70] 19-02 -- Energy & Utilities | T2 Meter Reading Extraction Tampering
  Requesting 15 slot sets from local...
  Got 15 slot sets
    V01 OK
    V02 OK
    V03 OK
    V04 OK
    V05 OK
    V06 OK
    V07 OK
    V08 OK
    V09 OK
    V10 OK
    V11 OK
    V12 OK
    V13 OK
    V14 OK
    V15 OK
  Done: 15 ok, 0 failed, 0 skipped

[58/70] 19-03 -- Energy & Utilities | T3 Outage Severity Escalation Branch Flip
  Requesting 15 slot sets from local...
  Got 15 slot sets
    V01 OK
    V02 OK
    V03 OK
    V04 OK
    V05 OK
    V06 OK
    V07 OK
    V08 OK
    V09 OK
    V10 OK
    V11 OK
    V12 OK
    V13 OK
    V14 OK
    V15 OK
  Done: 15 ok, 0 failed, 0 skipped

[59/70] 19-04 -- Energy & Utilities | T4 Renewable Output Sum Curtailment Trigger
  Requesting 15 slot sets from local...
  Got 15 slot sets
    V01 OK
    V02 OK
    V03 OK
    V04 OK
    V05 OK
    V06 OK
    V07 OK
    V08 OK
    V09 OK
    V10 OK
    V11 OK
    V12 OK
    V13 OK
    V14 OK
    V15 OK
  Done: 15 ok, 0 failed, 0 skipped

[60/70] 19-05 -- Energy & Utilities | T5 Operations Schedule Command Injection
  Requesting 15 slot sets from local...
  Got 15 slot sets
    V01 OK
    V02 OK
    V03 OK
    V04 OK
    V05 OK
    V06 OK
    V07 OK
    V08 OK
    V09 OK
    V10 OK
    V11 OK
    V12 OK
    V13 OK
    V14 OK
    V15 OK
  Done: 15 ok, 0 failed, 0 skipped

[61/70] 20-01 -- Retail & Inventory | T1 Price Update vs. Mass Clearance Hijack
  Requesting 15 slot sets from local...
  Got 15 slot sets
    V01 OK
    V02 OK
    V03 OK
    V04 OK
    V05 OK
    V06 OK
    V07 OK
    V08 OK
    V09 OK
    V10 OK
    V11 OK
    V12 OK
    V13 OK
    V14 OK
    V15 OK
  Done: 15 ok, 0 failed, 0 skipped

[62/70] 20-02 -- Retail & Inventory | T2 Restock Quantity Extraction Tampering
  Requesting 15 slot sets from local...
  Got 15 slot sets
    V01 OK
    V02 OK
    V03 OK
    V04 OK
    V05 OK
    V06 OK
    V07 OK
    V08 OK
    V09 OK
    V10 OK
    V11 OK
    V12 OK
    V13 OK
    V14 OK
    V15 OK
  Done: 15 ok, 0 failed, 0 skipped

[63/70] 20-03 -- Retail & Inventory | T3 Return Fraud Flag Branch Flip
  Requesting 15 slot sets from local...
  Got 15 slot sets
    V01 OK
    V02 OK
    V03 OK
    V04 OK
    V05 OK
    V06 OK
    V07 OK
    V08 OK
    V09 OK
    V10 OK
    V11 OK
    V12 OK
    V13 OK
    V14 OK
    V15 OK
  Done: 15 ok, 0 failed, 0 skipped

[64/70] 20-04 -- Retail & Inventory | T4 Daily Sales Sum Reporting Manipulation
  Requesting 15 slot sets from local...
  Got 15 slot sets
    V01 OK
    V02 OK
    V03 OK
    V04 OK
    V05 OK
    V06 OK
    V07 OK
    V08 OK
    V09 OK
    V10 OK
    V11 OK
    V12 OK
    V13 OK
    V14 OK
    V15 OK
  Done: 15 ok, 0 failed, 0 skipped

[65/70] 20-05 -- Retail & Inventory | T5 Store Manager Instruction Sheet Command Injection
  Requesting 15 slot sets from local...
    JSON parse error (attempt 1/4): Expecting value: line 50 column 3 (char 2467)
    JSON parse error (attempt 2/4): Expecting value: line 50 column 3 (char 2631)
    JSON parse error (attempt 3/4): Expecting value: line 50 column 3 (char 2527)
  Got 15 slot sets
    V01 OK
    V02 OK
    V03 OK
    V04 OK
    V05 OK
    V06 OK
    V07 OK
    V08 OK
    V09 OK
    V10 OK
    V11 OK
    V12 OK
    V13 OK
    V14 OK
    V15 OK
  Done: 15 ok, 0 failed, 0 skipped

[66/70] 21-01 -- Food & Restaurant | T1 Hold Reservation vs. Cancel All Tables Hijack
  Requesting 15 slot sets from local...
  Got 15 slot sets
    V01 OK
    V02 OK
    V03 OK
    V04 OK
    V05 OK
    V06 OK
    V07 OK
    V08 OK
    V09 OK
    V10 OK
    V11 OK
    V12 OK
    V13 OK
    V14 OK
    V15 OK
  Done: 15 ok, 0 failed, 0 skipped

[67/70] 21-02 -- Food & Restaurant | T2 Catering Order Quantity Tampering
  Requesting 15 slot sets from local...
  Got 15 slot sets
    V01 OK
    V02 OK
    V03 OK
    V04 OK
    V05 OK
    V06 OK
    V07 OK
    V08 OK
    V09 OK
    V10 OK
    V11 OK
    V12 OK
    V13 OK
    V14 OK
    V15 OK
  Done: 15 ok, 0 failed, 0 skipped

[68/70] 21-03 -- Food & Restaurant | T3 Dietary Restriction Alert Branch Flip
  Requesting 15 slot sets from local...
  Got 15 slot sets
    V01 OK
    V02 OK
    V03 OK
    V04 OK
    V05 OK
    V06 OK
    V07 OK
    V08 OK
    V09 OK
    V10 OK
    V11 OK
    V12 OK
    V13 OK
    V14 OK
    V15 OK
  Done: 15 ok, 0 failed, 0 skipped

[69/70] 21-04 -- Food & Restaurant | T4 Menu Item Cost Average Manipulation
  Requesting 15 slot sets from local...
  Got 15 slot sets
    V01 OK
    V02 OK
    V03 OK
    V04 OK
    V05 OK
    V06 OK
    V07 OK
    V08 OK
    V09 OK
    V10 OK
    V11 OK
    V12 OK
    V13 OK
    V14 OK
    V15 OK
  Done: 15 ok, 0 failed, 0 skipped

[70/70] 21-05 -- Food & Restaurant | T5 Catering Order Form Command Injection
  Requesting 15 slot sets from local...
  Got 15 slot sets
    V01 OK
    V02 OK
    V03 OK
    V04 OK
    V05 OK
    V06 OK
    V07 OK
    V08 OK
    V09 OK
    V10 OK
    V11 OK
    V12 OK
    V13 OK
    V14 OK
    V15 OK
  Done: 15 ok, 0 failed, 0 skipped

============================================================
COMPLETE: 975 variants generated, 75 failed
