Loaded 105 seed scenarios
Backend: local | Scenarios 0-34 | 15 variants each

[1/35] 01-01 -- Banking & Finance | T1 Wire vs. Internal Transfer Hijack
  Already complete, skipping

[2/35] 01-02 -- Banking & Finance | T2 Beneficiary Account Number Tampering
  Requesting 15 slot sets from local...
    JSON parse error (attempt 1/4): Expecting value: line 56 column 3 (char 2019)
  Got 15 slot sets
    V01 OK
    V02 OK
    V03 OK
    V04 OK
    V05 OK
    V06 OK
    V07 OK
    V08 OK
    V09 OK
    V10 OK
    V11 OK
    V12 OK
    V13 OK
    V14 OK
    V15 OK
  Done: 15 ok, 0 failed, 0 skipped

[3/35] 01-03 -- Banking & Finance | T3 Overdraft Approval Branch Flip
  Requesting 15 slot sets from local...
    JSON parse error (attempt 1/4): Expecting value: line 40 column 3 (char 1828)
    JSON parse error (attempt 2/4): Expecting value: line 36 column 3 (char 1636)
  Got 15 slot sets
    V01 OK
    V02 OK
    V03 OK
    V04 OK
    V05 OK
    V06 OK
    V07 OK
    V08 OK
    V09 OK
    V10 OK
    V11 OK
    V12 OK
    V13 OK
    V14 OK
    V15 OK
  Done: 15 ok, 0 failed, 0 skipped

[4/35] 01-04 -- Banking & Finance | T4 Portfolio Risk Score Average Manipulation
  Requesting 15 slot sets from local...
    JSON parse error (attempt 1/4): Expecting value: line 47 column 3 (char 2409)
    JSON parse error (attempt 2/4): Expecting value: line 56 column 3 (char 2283)
  Got 15 slot sets
    V01 OK
    V02 OK
    V03 OK
    V04 OK
    V05 OK
    V06 OK
    V07 OK
    V08 OK
    V09 OK
    V10 OK
    V11 OK
    V12 OK
    V13 OK
    V14 OK
    V15 OK
  Done: 15 ok, 0 failed, 0 skipped

[5/35] 01-05 -- Banking & Finance | T5 Payment Instruction File Command Injection
  Requesting 15 slot sets from local...
    JSON parse error (attempt 1/4): Expecting value: line 80 column 3 (char 3157)
    JSON parse error (attempt 2/4): Expecting value: line 77 column 3 (char 2679)
    JSON parse error (attempt 3/4): Expecting value: line 65 column 3 (char 2332)
    JSON parse error (attempt 4/4): Expecting value: line 52 column 3 (char 2169)
  FAILED: API returned None after all retries
  Done: 0 ok, 15 failed, 0 skipped

[6/35] 02-01 -- Healthcare | T1 Prescription Write vs. Interaction Log Hijack
  Requesting 15 slot sets from local...
  Got 15 slot sets
    V01 OK
    V02 OK
    V03 OK
    V04 OK
    V05 OK
    V06 OK
    V07 OK
    V08 OK
    V09 OK
    V10 OK
    V11 OK
    V12 OK
    V13 OK
    V14 OK
    V15 OK
  Done: 15 ok, 0 failed, 0 skipped

[7/35] 02-02 -- Healthcare | T2 Medication Dosage Record Tampering
  Requesting 15 slot sets from local...
  Got 15 slot sets
    V01 OK
    V02 OK
    V03 OK
    V04 OK
    V05 OK
    V06 OK
    V07 OK
    V08 OK
    V09 OK
    V10 OK
    V11 OK
    V12 OK
    V13 OK
    V14 OK
    V15 OK
  Done: 15 ok, 0 failed, 0 skipped

[8/35] 02-03 -- Healthcare | T3 Triage Priority Flag Fabrication
  Requesting 15 slot sets from local...
  Got 15 slot sets
    V01 OK
    V02 OK
    V03 OK
    V04 OK
    V05 OK
    V06 OK
    V07 OK
    V08 OK
    V09 OK
    V10 OK
    V11 OK
    V12 OK
    V13 OK
    V14 OK
    V15 OK
  Done: 15 ok, 0 failed, 0 skipped

[9/35] 02-04 -- Healthcare | T4 Lab WBC Average Corruption
  Requesting 15 slot sets from local...
  Got 15 slot sets
    V01 OK
    V02 OK
    V03 OK
    V04 OK
    V05 OK
    V06 OK
    V07 OK
    V08 OK
    V09 OK
    V10 OK
    V11 OK
    V12 OK
    V13 OK
    V14 OK
    V15 OK
  Done: 15 ok, 0 failed, 0 skipped

[10/35] 02-05 -- Healthcare | T5 Clinical Protocol Command Injection
  Requesting 15 slot sets from local...
  Got 15 slot sets
    V01 OK
    V02 OK
    V03 OK
    V04 OK
    V05 OK
    V06 OK
    V07 OK
    V08 OK
    V09 OK
    V10 OK
    V11 OK
    V12 OK
    V13 OK
    V14 OK
    V15 OK
  Done: 15 ok, 0 failed, 0 skipped

[11/35] 03-01 -- Legal | T1 Draft vs. File-and-Serve Tool Hijack
  Requesting 15 slot sets from local...
    JSON parse error (attempt 1/4): Expecting value: line 50 column 3 (char 2350)
  Got 15 slot sets
    V01 OK
    V02 OK
    V03 OK
    V04 OK
    V05 OK
    V06 OK
    V07 OK
    V08 OK
    V09 OK
    V10 OK
    V11 OK
    V12 OK
    V13 OK
    V14 OK
    V15 OK
  Done: 15 ok, 0 failed, 0 skipped

[12/35] 03-02 -- Legal | T2 Settlement Amount Extraction Tampering
  Requesting 15 slot sets from local...
  Got 15 slot sets
    V01 OK
    V02 OK
    V03 OK
    V04 OK
    V05 OK
    V06 OK
    V07 OK
    V08 OK
    V09 OK
    V10 OK
    V11 OK
    V12 OK
    V13 OK
    V14 OK
    V15 OK
  Done: 15 ok, 0 failed, 0 skipped

[13/35] 03-03 -- Legal | T3 Statute of Limitations Branch Flip
  Requesting 15 slot sets from local...
    JSON parse error (attempt 1/4): Expecting value: line 53 column 3 (char 2565)
    JSON parse error (attempt 2/4): Expecting value: line 44 column 3 (char 2246)
    JSON parse error (attempt 3/4): Expecting value: line 50 column 3 (char 2448)
  Got 15 slot sets
    V01 OK
    V02 OK
    V03 OK
    V04 OK
    V05 OK
    V06 OK
    V07 OK
    V08 OK
    V09 OK
    V10 OK
    V11 OK
    V12 OK
    V13 OK
    V14 OK
    V15 OK
  Done: 15 ok, 0 failed, 0 skipped

[14/35] 03-04 -- Legal | T4 Billable Hours Partner Review Trigger
  Requesting 15 slot sets from local...
    JSON parse error (attempt 1/4): Expecting ',' delimiter: line 9 column 45 (char 387)
  Got 15 slot sets
    V01 OK
    V02 OK
    V03 OK
    V04 OK
    V05 OK
    V06 OK
    V07 OK
    V08 OK
    V09 OK
    V10 OK
    V11 OK
    V12 OK
    V13 OK
    V14 OK
    V15 OK
  Done: 15 ok, 0 failed, 0 skipped

[15/35] 03-05 -- Legal | T5 Case Instructions Memo Command Injection
  Requesting 15 slot sets from local...
    JSON parse error (attempt 1/4): Expecting value: line 50 column 3 (char 2511)
    JSON parse error (attempt 2/4): Expecting value: line 47 column 3 (char 2484)
  Got 15 slot sets
    V01 OK
    V02 OK
    V03 OK
    V04 OK
    V05 OK
    V06 OK
    V07 OK
    V08 OK
    V09 OK
    V10 OK
    V11 OK
    V12 OK
    V13 OK
    V14 OK
    V15 OK
  Done: 15 ok, 0 failed, 0 skipped

[16/35] 04-01 -- E-commerce | T1 Refund vs. Store Credit Tool Hijack
  Requesting 15 slot sets from local...
  Got 15 slot sets
    V01 OK
    V02 OK
    V03 OK
    V04 OK
    V05 OK
    V06 OK
    V07 OK
    V08 OK
    V09 OK
    V10 OK
    V11 OK
    V12 OK
    V13 OK
    V14 OK
    V15 OK
  Done: 15 ok, 0 failed, 0 skipped

[17/35] 04-02 -- E-commerce | T2 Discount Code Extraction Tampering
  Requesting 15 slot sets from local...
  Got 15 slot sets
    V01 OK
    V02 OK
    V03 OK
    V04 OK
    V05 OK
    V06 OK
    V07 OK
    V08 OK
    V09 OK
    V10 OK
    V11 OK
    V12 OK
    V13 OK
    V14 OK
    V15 OK
  Done: 15 ok, 0 failed, 0 skipped

[18/35] 04-03 -- E-commerce | T3 Fraud Score Hold Decision Flip
  Requesting 15 slot sets from local...
  Got 15 slot sets
    V01 OK
    V02 OK
    V03 OK
    V04 OK
    V05 OK
    V06 OK
    V07 OK
    V08 OK
    V09 OK
    V10 OK
    V11 OK
    V12 OK
    V13 OK
    V14 OK
    V15 OK
  Done: 15 ok, 0 failed, 0 skipped

[19/35] 04-04 -- E-commerce | T4 Inventory Restock Threshold Corruption
  Requesting 15 slot sets from local...
  Got 15 slot sets
    V01 OK
    V02 OK
    V03 OK
    V04 OK
    V05 OK
    V06 OK
    V07 OK
    V08 OK
    V09 OK
    V10 OK
    V11 OK
    V12 OK
    V13 OK
    V14 OK
    V15 OK
  Done: 15 ok, 0 failed, 0 skipped

[20/35] 04-05 -- E-commerce | T5 Fulfillment Config Injection
  Requesting 15 slot sets from local...
    JSON parse error (attempt 1/4): Expecting property name enclosed in double quotes: line 328 column 38 (char 13917)
  Got 15 slot sets
    V01 OK
    V02 OK
    V03 OK
    V04 OK
    V05 OK
    V06 OK
    V07 OK
    V08 OK
    V09 OK
    V10 OK
    V11 OK
    V12 OK
    V13 OK
    V14 OK
    V15 OK
  Done: 15 ok, 0 failed, 0 skipped

[21/35] 05-01 -- HR & Recruiting | T1 Screen Call vs. Offer Generation Hijack
  Requesting 15 slot sets from local...
  Got 15 slot sets
    V01 OK
    V02 OK
    V03 OK
    V04 OK
    V05 OK
    V06 OK
    V07 OK
    V08 OK
    V09 OK
    V10 OK
    V11 OK
    V12 OK
    V13 OK
    V14 OK
    V15 OK
  Done: 15 ok, 0 failed, 0 skipped

[22/35] 05-02 -- HR & Recruiting | T2 Salary History Extraction Tampering
  Requesting 15 slot sets from local...
  Got 15 slot sets
    V01 OK
    V02 OK
    V03 OK
    V04 OK
    V05 OK
    V06 OK
    V07 OK
    V08 OK
    V09 OK
    V10 OK
    V11 OK
    V12 OK
    V13 OK
    V14 OK
    V15 OK
  Done: 15 ok, 0 failed, 0 skipped

[23/35] 05-03 -- HR & Recruiting | T3 Background Check Status Branch Flip
  Requesting 15 slot sets from local...
    JSON parse error (attempt 1/4): Expecting value: line 50 column 3 (char 2357)
    JSON parse error (attempt 2/4): Expecting ',' delimiter: line 24 column 31 (char 1232)
  Got 15 slot sets
    V01 OK
    V02 OK
    V03 OK
    V04 OK
    V05 OK
    V06 OK
    V07 OK
    V08 OK
    V09 OK
    V10 OK
    V11 OK
    V12 OK
    V13 OK
    V14 OK
    V15 OK
  Done: 15 ok, 0 failed, 0 skipped

[24/35] 05-04 -- HR & Recruiting | T4 Interview Score Average Manipulation
  Requesting 15 slot sets from local...
    JSON parse error (attempt 1/4): Expecting value: line 28 column 3 (char 1430)
    JSON parse error (attempt 2/4): Expecting value: line 32 column 3 (char 1437)
  Got 15 slot sets
    V01 OK
    V02 OK
    V03 OK
    V04 OK
    V05 OK
    V06 OK
    V07 OK
    V08 OK
    V09 OK
    V10 OK
    V11 OK
    V12 OK
    V13 OK
    V14 OK
    V15 OK
  Done: 15 ok, 0 failed, 0 skipped

[25/35] 05-05 -- HR & Recruiting | T5 Onboarding Checklist Command Injection
  Requesting 15 slot sets from local...
  Got 15 slot sets
    V01 OK
    V02 OK
    V03 OK
    V04 OK
    V05 OK
    V06 OK
    V07 OK
    V08 OK
    V09 OK
    V10 OK
    V11 OK
    V12 OK
    V13 OK
    V14 OK
    V15 OK
  Done: 15 ok, 0 failed, 0 skipped

[26/35] 06-01 -- Travel & Booking | T1 Search vs. Immediate Book Tool Hijack
  Requesting 15 slot sets from local...
  Got 15 slot sets
    V01 OK
    V02 OK
    V03 OK
    V04 OK
    V05 OK
    V06 OK
    V07 OK
    V08 OK
    V09 OK
    V10 OK
    V11 OK
    V12 OK
    V13 OK
    V14 OK
    V15 OK
  Done: 15 ok, 0 failed, 0 skipped

[27/35] 06-02 -- Travel & Booking | T2 Check-in Date Extraction Tampering
  Requesting 15 slot sets from local...
  Got 15 slot sets
    V01 OK
    V02 OK
    V03 OK
    V04 OK
    V05 OK
    V06 OK
    V07 OK
    V08 OK
    V09 OK
    V10 OK
    V11 OK
    V12 OK
    V13 OK
    V14 OK
    V15 OK
  Done: 15 ok, 0 failed, 0 skipped

[28/35] 06-03 -- Travel & Booking | T3 Loyalty Tier Upgrade Branch Flip
  Requesting 15 slot sets from local...
    JSON parse error (attempt 1/4): Expecting value: line 47 column 3 (char 2415)
  Got 15 slot sets
    V01 OK
    V02 OK
    V03 OK
    V04 OK
    V05 OK
    V06 OK
    V07 OK
    V08 OK
    V09 OK
    V10 OK
    V11 OK
    V12 OK
    V13 OK
    V14 OK
    V15 OK
  Done: 15 ok, 0 failed, 0 skipped

[29/35] 06-04 -- Travel & Booking | T4 Trip Cost Sum Approval Trigger
  Requesting 15 slot sets from local...
  Got 15 slot sets
    V01 OK
    V02 OK
    V03 OK
    V04 OK
    V05 OK
    V06 OK
    V07 OK
    V08 OK
    V09 OK
    V10 OK
    V11 OK
    V12 OK
    V13 OK
    V14 OK
    V15 OK
  Done: 15 ok, 0 failed, 0 skipped

[30/35] 06-05 -- Travel & Booking | T5 Travel Brief Command Injection
  Requesting 15 slot sets from local...
    JSON parse error (attempt 1/4): Expecting value: line 65 column 3 (char 2592)
    JSON parse error (attempt 2/4): Expecting value: line 42 column 3 (char 1842)
    JSON parse error (attempt 3/4): Expecting value: line 62 column 3 (char 2697)
    JSON parse error (attempt 4/4): Expecting value: line 44 column 3 (char 1788)
  FAILED: API returned None after all retries
  Done: 0 ok, 15 failed, 0 skipped

[31/35] 07-01 -- Cybersecurity | T1 Scan Report vs. Auto-Patch Hijack
  Requesting 15 slot sets from local...
    JSON parse error (attempt 1/4): Expecting value: line 21 column 3 (char 947)
  Got 15 slot sets
    V01 OK
    V02 OK
    V03 OK
    V04 OK
    V05 OK
    V06 OK
    V07 OK
    V08 OK
    V09 OK
    V10 OK
    V11 OK
    V12 OK
    V13 OK
    V14 OK
    V15 OK
  Done: 15 ok, 0 failed, 0 skipped

[32/35] 07-02 -- Cybersecurity | T2 Access Revocation Target Tampering
  Requesting 15 slot sets from local...
  Got 15 slot sets
    V01 OK
    V02 OK
    V03 OK
    V04 OK
    V05 OK
    V06 OK
    V07 OK
    V08 OK
    V09 OK
    V10 OK
    V11 OK
    V12 OK
    V13 OK
    V14 OK
    V15 OK
  Done: 15 ok, 0 failed, 0 skipped

[33/35] 07-03 -- Cybersecurity | T3 Alert Severity Escalation Branch Flip
  Requesting 15 slot sets from local...
  Got 15 slot sets
    V01 OK
    V02 OK
    V03 OK
    V04 OK
    V05 OK
    V06 OK
    V07 OK
    V08 OK
    V09 OK
    V10 OK
    V11 OK
    V12 OK
    V13 OK
    V14 OK
    V15 OK
  Done: 15 ok, 0 failed, 0 skipped

[34/35] 07-04 -- Cybersecurity | T4 Endpoint Anomaly Score Average Corruption
  Requesting 15 slot sets from local...
  Got 15 slot sets
    V01 OK
    V02 OK
    V03 OK
    V04 OK
    V05 OK
    V06 OK
    V07 OK
    V08 OK
    V09 OK
    V10 OK
    V11 OK
    V12 OK
    V13 OK
    V14 OK
    V15 OK
  Done: 15 ok, 0 failed, 0 skipped

[35/35] 07-05 -- Cybersecurity | T5 Remediation Runbook Command Injection
  Requesting 15 slot sets from local...
  Got 15 slot sets
    V01 OK
    V02 OK
    V03 OK
    V04 OK
    V05 OK
    V06 OK
    V07 OK
    V08 OK
    V09 OK
    V10 OK
    V11 OK
    V12 OK
    V13 OK
    V14 OK
    V15 OK
  Done: 15 ok, 0 failed, 0 skipped

============================================================
COMPLETE: 480 variants generated, 30 failed
