Loaded 105 seed scenarios
Backend: local | Scenarios 0-0 | 15 variants each

[1/1] 01-01 -- Banking & Finance | T1 Wire vs. Internal Transfer Hijack
  Requesting 15 slot sets from local...
  Got 15 slot sets
    V01 OK
    V02 OK
    V03 OK
    V04 OK
    V05 OK
    V06 OK
    V07 OK
    V08 OK
    V09 OK
    V10 OK
    V11 OK
    V12 OK
    V13 OK
    V14 OK
    V15 OK
  Done: 15 ok, 0 failed, 0 skipped

============================================================
COMPLETE: 15 variants generated, 0 failed
Loaded 105 seed scenarios
Backend: local | Scenarios 4-4 | 15 variants each

[1/1] 01-05 -- Banking & Finance | T5 Payment Instruction File Command Injection
  Requesting 15 slot sets from local...
    JSON parse error (attempt 1/4): Expecting value: line 52 column 3 (char 2058)
    JSON parse error (attempt 2/4): Expecting value: line 46 column 3 (char 1858)
    JSON parse error (attempt 3/4): Expecting value: line 59 column 3 (char 2221)
    JSON parse error (attempt 4/4): Expecting value: line 83 column 3 (char 3206)
  FAILED: API returned None after all retries
  Done: 0 ok, 15 failed, 0 skipped

============================================================
COMPLETE: 0 variants generated, 15 failed
Loaded 105 seed scenarios
Backend: local | Scenarios 29-29 | 15 variants each

[1/1] 06-05 -- Travel & Booking | T5 Travel Brief Command Injection
  Requesting 15 slot sets from local...
    JSON parse error (attempt 1/4): Expecting value: line 42 column 3 (char 1625)
  Got 15 slot sets
    V01 OK
    V02 OK
    V03 OK
    V04 OK
    V05 OK
    V06 OK
    V07 OK
    V08 OK
    V09 OK
    V10 OK
    V11 OK
    V12 OK
    V13 OK
    V14 OK
    V15 OK
  Done: 15 ok, 0 failed, 0 skipped

============================================================
COMPLETE: 15 variants generated, 0 failed
Loaded 105 seed scenarios
Backend: local | Scenarios 59-59 | 15 variants each

[1/1] 12-05 -- Customer Support | T5 Escalation Playbook Command Injection
  Requesting 15 slot sets from local...
    JSON parse error (attempt 1/4): Expecting value: line 50 column 3 (char 2154)
  Got 15 slot sets
    V01 OK
    V02 OK
    V03 OK
    V04 OK
    V05 OK
    V06 OK
    V07 OK
    V08 OK
    V09 OK
    V10 OK
    V11 OK
    V12 OK
    V13 OK
    V14 OK
    V15 OK
  Done: 15 ok, 0 failed, 0 skipped

============================================================
COMPLETE: 15 variants generated, 0 failed
Loaded 105 seed scenarios
Backend: local | Scenarios 64-64 | 15 variants each

[1/1] 13-05 -- Media Production | T5 Production Brief Command Injection
  Requesting 15 slot sets from local...
  Got 15 slot sets
    V01 OK
    V02 OK
    V03 OK
    V04 OK
    V05 OK
    V06 OK
    V07 OK
    V08 OK
    V09 OK
    V10 OK
    V11 OK
    V12 OK
    V13 OK
    V14 OK
    V15 OK
  Done: 15 ok, 0 failed, 0 skipped

============================================================
COMPLETE: 15 variants generated, 0 failed
Loaded 105 seed scenarios
Backend: local | Scenarios 74-74 | 15 variants each

[1/1] 15-05 -- Education & LMS | T5 Course Setup Template Command Injection
  Requesting 15 slot sets from local...
    JSON parse error (attempt 1/4): Expecting value: line 44 column 3 (char 2206)
    JSON parse error (attempt 2/4): Expecting value: line 44 column 3 (char 1985)
    JSON parse error (attempt 3/4): Expecting value: line 53 column 3 (char 2367)
  Got 15 slot sets
    V01 OK
    V02 OK
    V03 OK
    V04 OK
    V05 OK
    V06 OK
    V07 OK
    V08 OK
    V09 OK
    V10 OK
    V11 OK
    V12 OK
    V13 OK
    V14 OK
    V15 OK
  Done: 15 ok, 0 failed, 0 skipped

============================================================
COMPLETE: 15 variants generated, 0 failed
Loaded 105 seed scenarios
Backend: local | Scenarios 79-79 | 15 variants each

[1/1] 16-05 -- Social Media Management | T5 Content Calendar Command Injection
  Requesting 15 slot sets from local...
    JSON parse error (attempt 1/4): Expecting value: line 44 column 3 (char 1965)
    JSON parse error (attempt 2/4): Expecting value: line 34 column 3 (char 1822)
    JSON parse error (attempt 3/4): Expecting value: line 18 column 3 (char 886)
    JSON parse error (attempt 4/4): Expecting value: line 34 column 3 (char 1912)
  FAILED: API returned None after all retries
  Done: 0 ok, 15 failed, 0 skipped

============================================================
COMPLETE: 0 variants generated, 15 failed
Loaded 105 seed scenarios
Backend: local | Scenarios 49-49 | 15 variants each

[1/1] 10-05 -- Supply Chain & Logistics | T5 Supplier Instruction Sheet Command Injection
  Requesting 15 slot sets from local...
  Got 15 slot sets
    V01 OK
    V02 OK
    V03 OK
    V04 OK
    V05 OK
    V06 OK
    V07 OK
    V08 OK
    V09 OK
    V10 OK
    V11 OK
    V12 OK
    V13 OK
    V14 OK
    V15 OK
  Done: 15 ok, 0 failed, 0 skipped

============================================================
COMPLETE: 15 variants generated, 0 failed
