Loaded 105 seed scenarios
Backend: local | Scenarios 4-4 | 15 variants each

[1/1] 01-05 -- Banking & Finance | T5 Payment Instruction File Command Injection
  Requesting 15 slot sets from local...
    JSON parse error (attempt 1/4): Expecting value: line 80 column 3 (char 3012)
    JSON parse error (attempt 2/4): Expecting value: line 27 column 3 (char 1015)
  Got 15 slot sets
    V01 OK
    V02 OK
    V03 OK
    V04 OK
    V05 OK
    V06 OK
    V07 OK
    V08 OK
    V09 OK
    V10 OK
    V11 OK
    V12 OK
    V13 OK
    V14 OK
    V15 OK
  Done: 15 ok, 0 failed, 0 skipped

============================================================
COMPLETE: 15 variants generated, 0 failed
Loaded 105 seed scenarios
Backend: local | Scenarios 49-49 | 15 variants each

[1/1] 10-05 -- Supply Chain & Logistics | T5 Supplier Instruction Sheet Command Injection
  Requesting 15 slot sets from local...
    JSON parse error (attempt 1/4): Expecting value: line 56 column 3 (char 2413)
    JSON parse error (attempt 2/4): Expecting value: line 53 column 3 (char 2369)
    JSON parse error (attempt 3/4): Expecting value: line 36 column 3 (char 1599)
  Got 15 slot sets
    V01 OK
    V02 OK
    V03 OK
    V04 OK
    V05 OK
    V06 OK
    V07 OK
    V08 OK
    V09 OK
    V10 OK
    V11 OK
    V12 OK
    V13 OK
    V14 OK
    V15 OK
  Done: 15 ok, 0 failed, 0 skipped

============================================================
COMPLETE: 15 variants generated, 0 failed
Loaded 105 seed scenarios
Backend: local | Scenarios 79-79 | 15 variants each

[1/1] 16-05 -- Social Media Management | T5 Content Calendar Command Injection
  Requesting 15 slot sets from local...
    JSON parse error (attempt 1/4): Expecting value: line 34 column 3 (char 2194)
    JSON parse error (attempt 2/4): Expecting value: line 50 column 3 (char 2849)
  Got 15 slot sets
    V01 OK
    V02 OK
    V03 OK
    V04 OK
    V05 OK
    V06 OK
    V07 OK
    V08 OK
    V09 OK
    V10 OK
    V11 OK
    V12 OK
    V13 OK
    V14 OK
    V15 OK
  Done: 15 ok, 0 failed, 0 skipped

============================================================
COMPLETE: 15 variants generated, 0 failed
