Loaded 105 seed scenarios
Backend: local | Scenarios 48-48 | 15 variants each

[1/1] 10-04 -- Supply Chain & Logistics | T4 Supplier Lead Time Average Manipulation
  Requesting 15 slot sets from local...
  Got 15 slot sets
    V01 OK
    V02 OK
    V03 OK
    V04 OK
    V05 OK
    V06 OK
    V07 OK
    V08 OK
    V09 OK
    V10 OK
    V11 OK
    V12 OK
    V13 OK
    V14 OK
    V15 OK
  Done: 15 ok, 0 failed, 0 skipped

============================================================
COMPLETE: 15 variants generated, 0 failed
Loaded 105 seed scenarios
Backend: local | Scenarios 79-79 | 15 variants each

[1/1] 16-05 -- Social Media Management | T5 Content Calendar Command Injection
  Requesting 15 slot sets from local...
    JSON parse error (attempt 1/4): Expecting value: line 19 column 3 (char 1108)
    JSON parse error (attempt 2/4): Expecting value: line 19 column 3 (char 989)
    JSON parse error (attempt 3/4): Expecting value: line 32 column 3 (char 1240)
  Got 15 slot sets
    V01 OK
    V02 OK
    V03 OK
    V04 OK
    V05 OK
    V06 OK
    V07 OK
    V08 OK
    V09 OK
    V10 OK
    V11 OK
    V12 OK
    V13 OK
    V14 OK
    V15 OK
  Done: 15 ok, 0 failed, 0 skipped

============================================================
COMPLETE: 15 variants generated, 0 failed
